=== 2026-06-15T18:58:41-05:00 UPDATE ===
Gaea's Cradle: skipped manual sale price ($1126)
Chrome Mox: $138 -> $155 (+17) (Scryfall usd $172.62)
Ancient Tomb: $120 -> $121 (+1) (Scryfall usd $135.26)
Mana Vault: $99 -> $100 (+1) (Scryfall usd $111.59)
The One Ring: $86 -> $97 (+11) (Scryfall usd $108.02)
Mox Amber: $67 -> $66 (-1) (Scryfall usd $73.96)
Force of Will: $66 -> $66 (+0) (Scryfall usd $73.89)
Hatred: $48 -> $48 (+0) (Scryfall usd $60.72)
Urborg, Tomb of Yawgmoth: $48 -> $48 (+0) (Scryfall usd $60.04)
Smothering Tithe: $47 -> $45 (-2) (Scryfall usd $57.06)
Mana Drain: $44 -> $44 (+0) (Scryfall usd $55.11)
Boseiju, Who Endures: $42 -> $40 (-2) (Scryfall usd $50.77)
Cavern of Souls: $42 -> $42 (+0) (Scryfall usd $52.87)
Finale of Devastation: $42 -> $42 (+0) (Scryfall usd $52.76)
Rhystic Study: $42 -> $51 (+9) (Scryfall usd $64.43)
Teferi's Protection: $41 -> $42 (+1) (Scryfall usd $52.61)
Nykthos, Shrine to Nyx: $39 -> $41 (+2) (Scryfall usd $51.37)
Animar, Soul of Elements: $38 -> $38 (+0) (Scryfall usd $47.79)
Jeweled Lotus: $37 -> $37 (+0) (Scryfall usd $46.82)
Sensei's Divining Top: $37 -> $37 (+0) (Scryfall usd $47.16)
Tezzeret the Seeker: $34 -> $34 (+0) (Scryfall usd_foil $42.66)
Mycosynth Lattice: $33 -> $33 (+0) (Scryfall usd $42.35)
Natural Order: $33 -> $33 (+0) (Scryfall usd $41.88)
Kozilek, Butcher of Truth: $32 -> $32 (+0) (Scryfall usd $41.18)
Cavern-Hoard Dragon (Showcase Scrolls): $29 -> $29 (+0) (Scryfall usd $39.25)
Scalding Tarn: $29 -> $32 (+3) (Scryfall usd $40.87)
Misty Rainforest: $28 -> $29 (+1) (Scryfall usd $38.95)
Blightsteel Colossus: $27 -> $28 (+1) (Scryfall usd $37.43)
Parallel Lives: $27 -> $26 (-1) (Scryfall usd $35.62)
Prismatic Vista: $27 -> $28 (+1) (Scryfall usd $37.91)
Akroma's Memorial: $26 -> $26 (+0) (Scryfall usd $34.68)
Lotus Petal: $26 -> $28 (+2) (Scryfall usd $37.63)
Necropotence: $26 -> $26 (+0) (Scryfall usd $35.67)
Burgeoning: $25 -> $25 (+0) (Scryfall usd $34.64)
Displacer Kitten: $25 -> $25 (+0) (Scryfall usd $33.95)
Doubling Season: $25 -> $25 (+0) (Scryfall usd $33.94)
Etali, Primal Conqueror (Showcase): $25 -> $25 (+0) (Scryfall usd_foil $33.80)
Exploration: $25 -> $25 (+0) (Scryfall usd $33.51)
Mana Confluence: $25 -> $25 (+0) (Scryfall usd $34.20)
Ulamog, the Infinite Gyre: $25 -> $25 (+0) (Scryfall usd $34.41)
Field of the Dead: $24 -> $23 (-1) (Scryfall usd $31.82)
Marsh Flats: $24 -> $24 (+0) (Scryfall usd $32.09)
Arahbo, Roar of the World: $23 -> $23 (+0) (Scryfall usd_foil $31.44)
Cabal Coffers: $23 -> $23 (+0) (Scryfall usd $31.67)
Winding Canyons: $23 -> $24 (+1) (Scryfall usd $32.27)
Cyclonic Rift: $22 -> $23 (+1) (Scryfall usd $31.11)
Mithril Coat (Extended Art): $22 -> $22 (+0) (Scryfall usd $29.76)
Phyrexian Tower: $20 -> $20 (+0) (Scryfall usd $27.91)
Ad Nauseam: $19 -> $19 (+0) (Scryfall usd $25.65)
Aetherflux Reservoir: $19 -> $19 (+0) (Scryfall usd $26.09)
Galadriel's Dismissal (Borderless): $18 -> $19 (+1) (Scryfall usd_foil $25.62)
City of Brass: $17 -> $17 (+0) (Scryfall usd $22.70)
Flawless Maneuver: $16 -> $16 (+0) (Scryfall usd $22.25)
Constant Mists: $15 -> $15 (+0) (Scryfall usd $20.55)
Craterhoof Behemoth: $15 -> $15 (+0) (Scryfall usd $21.07)
Goblin Welder: $15 -> $15 (+0) (Scryfall usd $21.02)
Hall of the Bandit Lord: $15 -> $15 (+0) (Scryfall usd $20.73)
Unwinding Clock: $15 -> $15 (+0) (Scryfall usd $20.64)
Vedalken Orrery: $15 -> $15 (+0) (Scryfall usd $20.99)
Void Winnower: $15 -> $15 (+0) (Scryfall usd $20.20)
Wave of Reckoning: $15 -> $13 (-2) (Scryfall usd $19.68)
Horn of Greed: $13 -> $13 (+0) (Scryfall usd $19.78)
Kalemne, Disciple of Iroas: $13 -> $13 (+0) (Scryfall usd_foil $19.13)
Noble Hierarch: $13 -> $13 (+0) (Scryfall usd_foil $19.87)
Platinum Emperion: $13 -> $13 (+0) (Scryfall usd $19.80)
Quantum Misalignment: $13 -> $13 (+0) (Scryfall usd $19.35)
Sigarda's Aid: $13 -> $13 (+0) (Scryfall usd $19.62)
Unwinding Clock (Schematic): $13 -> $15 (+2) (Scryfall usd $20.36)
Awaken the Woods: $12 -> $12 (+0) (Scryfall usd $18.50)
Bountiful Promenade: $12 -> $12 (+0) (Scryfall usd $17.76)
Emrakul, the Promised End: $12 -> $12 (+0) (Scryfall usd $17.42)
Entomb: $12 -> $12 (+0) (Scryfall usd $18.21)
Karn, Silver Golem: $12 -> $12 (+0) (Scryfall usd $17.86)
Lurking Predators: $12 -> $12 (+0) (Scryfall usd $17.62)
Mystical Tutor: $12 -> $12 (+0) (Scryfall usd $18.03)
Pact of Negation: $12 -> $12 (+0) (Scryfall usd $18.37)
Stinging Study: $12 -> $12 (+0) (Scryfall usd $18.49)
Twinning Staff: $12 -> $12 (+0) (Scryfall usd $17.95)
Wooded Foothills: $12 -> $12 (+0) (Scryfall usd $18.03)
Arcum Dagsson: $11 -> $11 (+0) (Scryfall usd $16.29)
Berserk: $11 -> $11 (+0) (Scryfall usd $15.87)
Dino DNA (Borderless): $11 -> $11 (+0) (Scryfall usd $16.02)
Font of Mythos: $11 -> $12 (+1) (Scryfall usd $17.18)
Gamble: $11 -> $11 (+0) (Scryfall usd $16.50)
Grand Abolisher: $11 -> $12 (+1) (Scryfall usd $18.41)
Hammer of Nazahn: $11 -> $10 (-1) (Scryfall usd $15.43)
Homeward Path: $11 -> $10 (-1) (Scryfall usd $15.65)
Spellseeker: $11 -> $11 (+0) (Scryfall usd $17.05)
Training Center: $11 -> $11 (+0) (Scryfall usd $16.53)
Vigor: $11 -> $11 (+0) (Scryfall usd $15.99)
Winter Orb: $11 -> $11 (+0) (Scryfall usd $16.82)
Wooded Bastion: $11 -> $11 (+0) (Scryfall usd $16.86)
Athreos, God of Passage: $10 -> $10 (+0) (Scryfall usd $15.57)
Contagion Engine: $10 -> $9 (-1) (Scryfall usd $13.94)
Heroic Intervention: $10 -> $10 (+0) (Scryfall usd $15.12)
Isochron Scepter: $10 -> $11 (+1) (Scryfall usd $15.89)
Phyrexian Metamorph: $10 -> $10 (+0) (Scryfall usd_foil $14.44)
Reflecting Pool: $10 -> $10 (+0) (Scryfall usd $15.32)
Yavimaya, Cradle of Growth: $10 -> $10 (+0) (Scryfall usd $15.43)
Crypt Ghast: $9 -> $9 (+0) (Scryfall usd $14.11)
Spire Garden: $9 -> $9 (+0) (Scryfall usd $13.89)
Total sale price change: +46 across 100 updated cards; 1 skipped.
Updated 100 cards in C:\Users\quiquis\Documents\github pages\assets\data\cards.json

